2026-05-14 11:30:18.561: [INFO] VisibilityChanged: 0
2026-05-14 11:30:18.584: [INFO] RecordSyncInitDuration has_sync_been_enabled: 0 state: 0
2026-05-14 11:30:18.587: [INFO] RecordSyncInitDuration has_sync_been_enabled: 0 state: 0
2026-05-14 11:30:18.589: [INFO] RecordSyncInitDuration has_sync_been_enabled: 0 state: 0
2026-05-14 11:30:18.591: [INFO] RecordSyncInitDuration has_sync_been_enabled: 0 state: 0
2026-05-14 11:30:18.594: [INFO] RecordSyncInitDuration has_sync_been_enabled: 0 state: 0
2026-05-14 11:30:18.596: [INFO] RecordSyncInitDuration has_sync_been_enabled: 0 state: 0
2026-05-14 11:30:18.598: [INFO] RecordSyncInitDuration has_sync_been_enabled: 0 state: 0
2026-05-14 11:30:18.600: [INFO] RecordSyncInitDuration has_sync_been_enabled: 0 state: 0
2026-05-14 11:30:18.603: [INFO] RecordSyncInitDuration has_sync_been_enabled: 0 state: 0
2026-05-14 11:30:18.606: [INFO] RecordSyncInitDuration has_sync_been_enabled: 0 state: 0
2026-05-14 11:30:18.609: [INFO] RecordSyncInitDuration has_sync_been_enabled: 0 state: 0
2026-05-14 11:30:18.611: [INFO] RecordSyncInitDuration has_sync_been_enabled: 0 state: 0
2026-05-14 11:30:18.629: [INFO] BookmarkModelLoaded, ids_reassigned: 0
2026-05-14 11:30:18.629: [INFO] OnDoneLoading sync enabled: 0
2026-05-14 11:30:18.638: [INFO] RecordSyncInitDuration has_sync_been_enabled: 0 state: 0
2026-05-14 11:30:19.048: [INFO] BookmarkNodeAdded, ABU: 0
2026-05-14 11:30:19.050: [INFO] BookmarkNodeAdded, ABU: 0
2026-05-14 11:30:19.050: [INFO] BookmarkNodeAdded, ABU: 0
2026-05-14 11:30:19.051: [INFO] BookmarkNodeAdded, ABU: 0
2026-05-14 11:30:19.052: [INFO] BookmarkNodeAdded, ABU: 0
2026-05-14 11:30:19.053: [INFO] BookmarkNodeAdded, ABU: 0
2026-05-14 11:30:19.054: [INFO] BookmarkNodeAdded, ABU: 0
2026-05-14 11:30:19.055: [INFO] BookmarkNodeAdded, ABU: 0
